Starting PCAP processing at ti 6.5.2025 14.05.53 +0300
Processing: capture_20250430_095534.pcap
=== CICFlowMeter Wrapper ===
Input file: /home/open5gs1/Documents/open5gs-be/pcap_files/capture_20250430_095534.pcap
Using classpath with 11 JARs
Classpath: .:build/libs/CICFlowMeter-4.0.jar:CICFlowMeter-4.0/lib/commons-io-2.6.jar:CICFlowMeter-4.0/lib/commons-lang-2.6.jar:CICFlowMeter-4.0/lib/commons-lang3-3.9.jar:CICFlowMeter-4.0/lib/commons-math3-3.6.1.jar:CICFlowMeter-4.0/lib/guava-28.2-jre.jar:CICFlowMeter-4.0/lib/jnetpcap-1.4.r1425.jar:CICFlowMeter-4.0/lib/log4j-1.2.17.jar:CICFlowMeter-4.0/lib/slf4j-api-1.7.25.jar:CICFlowMeter-4.0/lib/slf4j-log4j12-1.7.25.jar
Running CICFlowMeter...
Java execution finished with exit code: 0
Looking for output files matching: capture_20250430_095534
No files with basename found, checking all CSV files...
No recent CSV files found, listing all CSV files in output directory...
Found output files:
output_flows/capture_20250324_115210_Flow.csv
Copied capture_20250324_115210_Flow.csv to /home/open5gs1/Documents/open5gs-be/flow_output/
Current files in output_flows directory:
total 12
drwxr-xr-x  2 open5gs1 open5gs1 4096 huhti  30 16:19 .
drwxrwxr-x 13 open5gs1 open5gs1 4096 huhti  30 16:19 ..
-rw-rw-r--  1 open5gs1 open5gs1  130 huhti  30 16:19 capture_20250324_115210_Flow.csv
Failed: capture_20250430_095534.pcap (no output file)
Processing: capture_20250430_100035.pcap
=== CICFlowMeter Wrapper ===
Input file: /home/open5gs1/Documents/open5gs-be/pcap_files/capture_20250430_100035.pcap
Using classpath with 11 JARs
Classpath: .:build/libs/CICFlowMeter-4.0.jar:CICFlowMeter-4.0/lib/commons-io-2.6.jar:CICFlowMeter-4.0/lib/commons-lang-2.6.jar:CICFlowMeter-4.0/lib/commons-lang3-3.9.jar:CICFlowMeter-4.0/lib/commons-math3-3.6.1.jar:CICFlowMeter-4.0/lib/guava-28.2-jre.jar:CICFlowMeter-4.0/lib/jnetpcap-1.4.r1425.jar:CICFlowMeter-4.0/lib/log4j-1.2.17.jar:CICFlowMeter-4.0/lib/slf4j-api-1.7.25.jar:CICFlowMeter-4.0/lib/slf4j-log4j12-1.7.25.jar
Running CICFlowMeter...
Java execution finished with exit code: 0
Looking for output files matching: capture_20250430_100035
No files with basename found, checking all CSV files...
No recent CSV files found, listing all CSV files in output directory...
Found output files:
output_flows/capture_20250324_115210_Flow.csv
Copied capture_20250324_115210_Flow.csv to /home/open5gs1/Documents/open5gs-be/flow_output/
Current files in output_flows directory:
total 12
drwxr-xr-x  2 open5gs1 open5gs1 4096 huhti  30 16:19 .
drwxrwxr-x 13 open5gs1 open5gs1 4096 huhti  30 16:19 ..
-rw-rw-r--  1 open5gs1 open5gs1  130 huhti  30 16:19 capture_20250324_115210_Flow.csv
Failed: capture_20250430_100035.pcap (no output file)
Processing: capture_20250430_100535.pcap
=== CICFlowMeter Wrapper ===
Input file: /home/open5gs1/Documents/open5gs-be/pcap_files/capture_20250430_100535.pcap
Using classpath with 11 JARs
Classpath: .:build/libs/CICFlowMeter-4.0.jar:CICFlowMeter-4.0/lib/commons-io-2.6.jar:CICFlowMeter-4.0/lib/commons-lang-2.6.jar:CICFlowMeter-4.0/lib/commons-lang3-3.9.jar:CICFlowMeter-4.0/lib/commons-math3-3.6.1.jar:CICFlowMeter-4.0/lib/guava-28.2-jre.jar:CICFlowMeter-4.0/lib/jnetpcap-1.4.r1425.jar:CICFlowMeter-4.0/lib/log4j-1.2.17.jar:CICFlowMeter-4.0/lib/slf4j-api-1.7.25.jar:CICFlowMeter-4.0/lib/slf4j-log4j12-1.7.25.jar
Running CICFlowMeter...
Java execution finished with exit code: 0
Looking for output files matching: capture_20250430_100535
No files with basename found, checking all CSV files...
No recent CSV files found, listing all CSV files in output directory...
Found output files:
output_flows/capture_20250324_115210_Flow.csv
Copied capture_20250324_115210_Flow.csv to /home/open5gs1/Documents/open5gs-be/flow_output/
Current files in output_flows directory:
total 12
drwxr-xr-x  2 open5gs1 open5gs1 4096 huhti  30 16:19 .
drwxrwxr-x 13 open5gs1 open5gs1 4096 huhti  30 16:19 ..
-rw-rw-r--  1 open5gs1 open5gs1  130 huhti  30 16:19 capture_20250324_115210_Flow.csv
Failed: capture_20250430_100535.pcap (no output file)
Processing: capture_20250430_101035.pcap
=== CICFlowMeter Wrapper ===
Input file: /home/open5gs1/Documents/open5gs-be/pcap_files/capture_20250430_101035.pcap
Using classpath with 11 JARs
Classpath: .:build/libs/CICFlowMeter-4.0.jar:CICFlowMeter-4.0/lib/commons-io-2.6.jar:CICFlowMeter-4.0/lib/commons-lang-2.6.jar:CICFlowMeter-4.0/lib/commons-lang3-3.9.jar:CICFlowMeter-4.0/lib/commons-math3-3.6.1.jar:CICFlowMeter-4.0/lib/guava-28.2-jre.jar:CICFlowMeter-4.0/lib/jnetpcap-1.4.r1425.jar:CICFlowMeter-4.0/lib/log4j-1.2.17.jar:CICFlowMeter-4.0/lib/slf4j-api-1.7.25.jar:CICFlowMeter-4.0/lib/slf4j-log4j12-1.7.25.jar
Running CICFlowMeter...
Java execution finished with exit code: 0
Looking for output files matching: capture_20250430_101035
No files with basename found, checking all CSV files...
No recent CSV files found, listing all CSV files in output directory...
Found output files:
output_flows/capture_20250324_115210_Flow.csv
Copied capture_20250324_115210_Flow.csv to /home/open5gs1/Documents/open5gs-be/flow_output/
Current files in output_flows directory:
total 12
drwxr-xr-x  2 open5gs1 open5gs1 4096 huhti  30 16:19 .
drwxrwxr-x 13 open5gs1 open5gs1 4096 huhti  30 16:19 ..
-rw-rw-r--  1 open5gs1 open5gs1  130 huhti  30 16:19 capture_20250324_115210_Flow.csv
Failed: capture_20250430_101035.pcap (no output file)
Processing: capture_20250430_101535.pcap
=== CICFlowMeter Wrapper ===
Input file: /home/open5gs1/Documents/open5gs-be/pcap_files/capture_20250430_101535.pcap
Using classpath with 11 JARs
Classpath: .:build/libs/CICFlowMeter-4.0.jar:CICFlowMeter-4.0/lib/commons-io-2.6.jar:CICFlowMeter-4.0/lib/commons-lang-2.6.jar:CICFlowMeter-4.0/lib/commons-lang3-3.9.jar:CICFlowMeter-4.0/lib/commons-math3-3.6.1.jar:CICFlowMeter-4.0/lib/guava-28.2-jre.jar:CICFlowMeter-4.0/lib/jnetpcap-1.4.r1425.jar:CICFlowMeter-4.0/lib/log4j-1.2.17.jar:CICFlowMeter-4.0/lib/slf4j-api-1.7.25.jar:CICFlowMeter-4.0/lib/slf4j-log4j12-1.7.25.jar
Running CICFlowMeter...
Java execution finished with exit code: 0
Looking for output files matching: capture_20250430_101535
No files with basename found, checking all CSV files...
No recent CSV files found, listing all CSV files in output directory...
Found output files:
output_flows/capture_20250324_115210_Flow.csv
Copied capture_20250324_115210_Flow.csv to /home/open5gs1/Documents/open5gs-be/flow_output/
Current files in output_flows directory:
total 12
drwxr-xr-x  2 open5gs1 open5gs1 4096 huhti  30 16:19 .
drwxrwxr-x 13 open5gs1 open5gs1 4096 huhti  30 16:19 ..
-rw-rw-r--  1 open5gs1 open5gs1  130 huhti  30 16:19 capture_20250324_115210_Flow.csv
Failed: capture_20250430_101535.pcap (no output file)
Processing: capture_20250430_102035.pcap
=== CICFlowMeter Wrapper ===
Input file: /home/open5gs1/Documents/open5gs-be/pcap_files/capture_20250430_102035.pcap
Using classpath with 11 JARs
Classpath: .:build/libs/CICFlowMeter-4.0.jar:CICFlowMeter-4.0/lib/commons-io-2.6.jar:CICFlowMeter-4.0/lib/commons-lang-2.6.jar:CICFlowMeter-4.0/lib/commons-lang3-3.9.jar:CICFlowMeter-4.0/lib/commons-math3-3.6.1.jar:CICFlowMeter-4.0/lib/guava-28.2-jre.jar:CICFlowMeter-4.0/lib/jnetpcap-1.4.r1425.jar:CICFlowMeter-4.0/lib/log4j-1.2.17.jar:CICFlowMeter-4.0/lib/slf4j-api-1.7.25.jar:CICFlowMeter-4.0/lib/slf4j-log4j12-1.7.25.jar
Running CICFlowMeter...
Java execution finished with exit code: 0
Looking for output files matching: capture_20250430_102035
No files with basename found, checking all CSV files...
No recent CSV files found, listing all CSV files in output directory...
Found output files:
output_flows/capture_20250324_115210_Flow.csv
Copied capture_20250324_115210_Flow.csv to /home/open5gs1/Documents/open5gs-be/flow_output/
Current files in output_flows directory:
total 12
drwxr-xr-x  2 open5gs1 open5gs1 4096 huhti  30 16:19 .
drwxrwxr-x 13 open5gs1 open5gs1 4096 huhti  30 16:19 ..
-rw-rw-r--  1 open5gs1 open5gs1  130 huhti  30 16:19 capture_20250324_115210_Flow.csv
Failed: capture_20250430_102035.pcap (no output file)
Processing: capture_20250430_102535.pcap
=== CICFlowMeter Wrapper ===
Input file: /home/open5gs1/Documents/open5gs-be/pcap_files/capture_20250430_102535.pcap
Using classpath with 11 JARs
Classpath: .:build/libs/CICFlowMeter-4.0.jar:CICFlowMeter-4.0/lib/commons-io-2.6.jar:CICFlowMeter-4.0/lib/commons-lang-2.6.jar:CICFlowMeter-4.0/lib/commons-lang3-3.9.jar:CICFlowMeter-4.0/lib/commons-math3-3.6.1.jar:CICFlowMeter-4.0/lib/guava-28.2-jre.jar:CICFlowMeter-4.0/lib/jnetpcap-1.4.r1425.jar:CICFlowMeter-4.0/lib/log4j-1.2.17.jar:CICFlowMeter-4.0/lib/slf4j-api-1.7.25.jar:CICFlowMeter-4.0/lib/slf4j-log4j12-1.7.25.jar
Running CICFlowMeter...
Java execution finished with exit code: 0
Looking for output files matching: capture_20250430_102535
No files with basename found, checking all CSV files...
No recent CSV files found, listing all CSV files in output directory...
Found output files:
output_flows/capture_20250324_115210_Flow.csv
Copied capture_20250324_115210_Flow.csv to /home/open5gs1/Documents/open5gs-be/flow_output/
Current files in output_flows directory:
total 12
drwxr-xr-x  2 open5gs1 open5gs1 4096 huhti  30 16:19 .
drwxrwxr-x 13 open5gs1 open5gs1 4096 huhti  30 16:19 ..
-rw-rw-r--  1 open5gs1 open5gs1  130 huhti  30 16:19 capture_20250324_115210_Flow.csv
Failed: capture_20250430_102535.pcap (no output file)
Processing: capture_20250430_103035.pcap
=== CICFlowMeter Wrapper ===
Input file: /home/open5gs1/Documents/open5gs-be/pcap_files/capture_20250430_103035.pcap
Using classpath with 11 JARs
Classpath: .:build/libs/CICFlowMeter-4.0.jar:CICFlowMeter-4.0/lib/commons-io-2.6.jar:CICFlowMeter-4.0/lib/commons-lang-2.6.jar:CICFlowMeter-4.0/lib/commons-lang3-3.9.jar:CICFlowMeter-4.0/lib/commons-math3-3.6.1.jar:CICFlowMeter-4.0/lib/guava-28.2-jre.jar:CICFlowMeter-4.0/lib/jnetpcap-1.4.r1425.jar:CICFlowMeter-4.0/lib/log4j-1.2.17.jar:CICFlowMeter-4.0/lib/slf4j-api-1.7.25.jar:CICFlowMeter-4.0/lib/slf4j-log4j12-1.7.25.jar
Running CICFlowMeter...
Java execution finished with exit code: 0
Looking for output files matching: capture_20250430_103035
No files with basename found, checking all CSV files...
No recent CSV files found, listing all CSV files in output directory...
Found output files:
output_flows/capture_20250324_115210_Flow.csv
Copied capture_20250324_115210_Flow.csv to /home/open5gs1/Documents/open5gs-be/flow_output/
Current files in output_flows directory:
total 12
drwxr-xr-x  2 open5gs1 open5gs1 4096 huhti  30 16:19 .
drwxrwxr-x 13 open5gs1 open5gs1 4096 huhti  30 16:19 ..
-rw-rw-r--  1 open5gs1 open5gs1  130 huhti  30 16:19 capture_20250324_115210_Flow.csv
Failed: capture_20250430_103035.pcap (no output file)
Processing: capture_20250430_103535.pcap
=== CICFlowMeter Wrapper ===
Input file: /home/open5gs1/Documents/open5gs-be/pcap_files/capture_20250430_103535.pcap
Using classpath with 11 JARs
Classpath: .:build/libs/CICFlowMeter-4.0.jar:CICFlowMeter-4.0/lib/commons-io-2.6.jar:CICFlowMeter-4.0/lib/commons-lang-2.6.jar:CICFlowMeter-4.0/lib/commons-lang3-3.9.jar:CICFlowMeter-4.0/lib/commons-math3-3.6.1.jar:CICFlowMeter-4.0/lib/guava-28.2-jre.jar:CICFlowMeter-4.0/lib/jnetpcap-1.4.r1425.jar:CICFlowMeter-4.0/lib/log4j-1.2.17.jar:CICFlowMeter-4.0/lib/slf4j-api-1.7.25.jar:CICFlowMeter-4.0/lib/slf4j-log4j12-1.7.25.jar
Running CICFlowMeter...
Java execution finished with exit code: 0
Looking for output files matching: capture_20250430_103535
No files with basename found, checking all CSV files...
No recent CSV files found, listing all CSV files in output directory...
Found output files:
output_flows/capture_20250324_115210_Flow.csv
Copied capture_20250324_115210_Flow.csv to /home/open5gs1/Documents/open5gs-be/flow_output/
Current files in output_flows directory:
total 12
drwxr-xr-x  2 open5gs1 open5gs1 4096 huhti  30 16:19 .
drwxrwxr-x 13 open5gs1 open5gs1 4096 huhti  30 16:19 ..
-rw-rw-r--  1 open5gs1 open5gs1  130 huhti  30 16:19 capture_20250324_115210_Flow.csv
Failed: capture_20250430_103535.pcap (no output file)
Processing: capture_20250430_104035.pcap
=== CICFlowMeter Wrapper ===
Input file: /home/open5gs1/Documents/open5gs-be/pcap_files/capture_20250430_104035.pcap
Using classpath with 11 JARs
Classpath: .:build/libs/CICFlowMeter-4.0.jar:CICFlowMeter-4.0/lib/commons-io-2.6.jar:CICFlowMeter-4.0/lib/commons-lang-2.6.jar:CICFlowMeter-4.0/lib/commons-lang3-3.9.jar:CICFlowMeter-4.0/lib/commons-math3-3.6.1.jar:CICFlowMeter-4.0/lib/guava-28.2-jre.jar:CICFlowMeter-4.0/lib/jnetpcap-1.4.r1425.jar:CICFlowMeter-4.0/lib/log4j-1.2.17.jar:CICFlowMeter-4.0/lib/slf4j-api-1.7.25.jar:CICFlowMeter-4.0/lib/slf4j-log4j12-1.7.25.jar
Running CICFlowMeter...
Java execution finished with exit code: 0
Looking for output files matching: capture_20250430_104035
No files with basename found, checking all CSV files...
No recent CSV files found, listing all CSV files in output directory...
Found output files:
output_flows/capture_20250324_115210_Flow.csv
Copied capture_20250324_115210_Flow.csv to /home/open5gs1/Documents/open5gs-be/flow_output/
Current files in output_flows directory:
total 12
drwxr-xr-x  2 open5gs1 open5gs1 4096 huhti  30 16:19 .
drwxrwxr-x 13 open5gs1 open5gs1 4096 huhti  30 16:19 ..
-rw-rw-r--  1 open5gs1 open5gs1  130 huhti  30 16:19 capture_20250324_115210_Flow.csv
Failed: capture_20250430_104035.pcap (no output file)
Processing: capture_20250430_104535.pcap
=== CICFlowMeter Wrapper ===
Input file: /home/open5gs1/Documents/open5gs-be/pcap_files/capture_20250430_104535.pcap
Using classpath with 11 JARs
Classpath: .:build/libs/CICFlowMeter-4.0.jar:CICFlowMeter-4.0/lib/commons-io-2.6.jar:CICFlowMeter-4.0/lib/commons-lang-2.6.jar:CICFlowMeter-4.0/lib/commons-lang3-3.9.jar:CICFlowMeter-4.0/lib/commons-math3-3.6.1.jar:CICFlowMeter-4.0/lib/guava-28.2-jre.jar:CICFlowMeter-4.0/lib/jnetpcap-1.4.r1425.jar:CICFlowMeter-4.0/lib/log4j-1.2.17.jar:CICFlowMeter-4.0/lib/slf4j-api-1.7.25.jar:CICFlowMeter-4.0/lib/slf4j-log4j12-1.7.25.jar
Running CICFlowMeter...
Java execution finished with exit code: 0
Looking for output files matching: capture_20250430_104535
No files with basename found, checking all CSV files...
No recent CSV files found, listing all CSV files in output directory...
Found output files:
output_flows/capture_20250324_115210_Flow.csv
Copied capture_20250324_115210_Flow.csv to /home/open5gs1/Documents/open5gs-be/flow_output/
Current files in output_flows directory:
total 12
drwxr-xr-x  2 open5gs1 open5gs1 4096 huhti  30 16:19 .
drwxrwxr-x 13 open5gs1 open5gs1 4096 huhti  30 16:19 ..
-rw-rw-r--  1 open5gs1 open5gs1  130 huhti  30 16:19 capture_20250324_115210_Flow.csv
Failed: capture_20250430_104535.pcap (no output file)
Processing: capture_20250430_105035.pcap
=== CICFlowMeter Wrapper ===
Input file: /home/open5gs1/Documents/open5gs-be/pcap_files/capture_20250430_105035.pcap
Using classpath with 11 JARs
Classpath: .:build/libs/CICFlowMeter-4.0.jar:CICFlowMeter-4.0/lib/commons-io-2.6.jar:CICFlowMeter-4.0/lib/commons-lang-2.6.jar:CICFlowMeter-4.0/lib/commons-lang3-3.9.jar:CICFlowMeter-4.0/lib/commons-math3-3.6.1.jar:CICFlowMeter-4.0/lib/guava-28.2-jre.jar:CICFlowMeter-4.0/lib/jnetpcap-1.4.r1425.jar:CICFlowMeter-4.0/lib/log4j-1.2.17.jar:CICFlowMeter-4.0/lib/slf4j-api-1.7.25.jar:CICFlowMeter-4.0/lib/slf4j-log4j12-1.7.25.jar
Running CICFlowMeter...
Java execution finished with exit code: 0
Looking for output files matching: capture_20250430_105035
No files with basename found, checking all CSV files...
No recent CSV files found, listing all CSV files in output directory...
Found output files:
output_flows/capture_20250324_115210_Flow.csv
Copied capture_20250324_115210_Flow.csv to /home/open5gs1/Documents/open5gs-be/flow_output/
Current files in output_flows directory:
total 12
drwxr-xr-x  2 open5gs1 open5gs1 4096 huhti  30 16:19 .
drwxrwxr-x 13 open5gs1 open5gs1 4096 huhti  30 16:19 ..
-rw-rw-r--  1 open5gs1 open5gs1  130 huhti  30 16:19 capture_20250324_115210_Flow.csv
Failed: capture_20250430_105035.pcap (no output file)
Processing: capture_20250430_105535.pcap
=== CICFlowMeter Wrapper ===
Input file: /home/open5gs1/Documents/open5gs-be/pcap_files/capture_20250430_105535.pcap
Using classpath with 11 JARs
Classpath: .:build/libs/CICFlowMeter-4.0.jar:CICFlowMeter-4.0/lib/commons-io-2.6.jar:CICFlowMeter-4.0/lib/commons-lang-2.6.jar:CICFlowMeter-4.0/lib/commons-lang3-3.9.jar:CICFlowMeter-4.0/lib/commons-math3-3.6.1.jar:CICFlowMeter-4.0/lib/guava-28.2-jre.jar:CICFlowMeter-4.0/lib/jnetpcap-1.4.r1425.jar:CICFlowMeter-4.0/lib/log4j-1.2.17.jar:CICFlowMeter-4.0/lib/slf4j-api-1.7.25.jar:CICFlowMeter-4.0/lib/slf4j-log4j12-1.7.25.jar
Running CICFlowMeter...
Java execution finished with exit code: 130
CICFlowMeter failed to process the file
Created default output file due to error: output_flows/capture_20250430_105535_Flow.csv
Copied capture_20250430_105535_Flow.csv to /home/open5gs1/Documents/open5gs-be/flow_output/
Current files in output_flows directory:
total 16
drwxr-xr-x  2 open5gs1 open5gs1 4096 touko   6 14:06 .
drwxrwxr-x 13 open5gs1 open5gs1 4096 huhti  30 16:19 ..
-rw-rw-r--  1 open5gs1 open5gs1  130 huhti  30 16:19 capture_20250324_115210_Flow.csv
-rw-rw-r--  1 open5gs1 open5gs1  130 touko   6 14:06 capture_20250430_105535_Flow.csv
Processing: capture_20250430_110035.pcap
=== CICFlowMeter Wrapper ===
Input file: /home/open5gs1/Documents/open5gs-be/pcap_files/capture_20250430_110035.pcap
Using classpath with 11 JARs
Classpath: .:build/libs/CICFlowMeter-4.0.jar:CICFlowMeter-4.0/lib/commons-io-2.6.jar:CICFlowMeter-4.0/lib/commons-lang-2.6.jar:CICFlowMeter-4.0/lib/commons-lang3-3.9.jar:CICFlowMeter-4.0/lib/commons-math3-3.6.1.jar:CICFlowMeter-4.0/lib/guava-28.2-jre.jar:CICFlowMeter-4.0/lib/jnetpcap-1.4.r1425.jar:CICFlowMeter-4.0/lib/log4j-1.2.17.jar:CICFlowMeter-4.0/lib/slf4j-api-1.7.25.jar:CICFlowMeter-4.0/lib/slf4j-log4j12-1.7.25.jar
Running CICFlowMeter...
Java execution finished with exit code: 130
CICFlowMeter failed to process the file
Created default output file due to error: output_flows/capture_20250430_110035_Flow.csv
Copied capture_20250430_110035_Flow.csv to /home/open5gs1/Documents/open5gs-be/flow_output/
Current files in output_flows directory:
total 20
drwxr-xr-x  2 open5gs1 open5gs1 4096 touko   6 14:06 .
drwxrwxr-x 13 open5gs1 open5gs1 4096 huhti  30 16:19 ..
-rw-rw-r--  1 open5gs1 open5gs1  130 huhti  30 16:19 capture_20250324_115210_Flow.csv
-rw-rw-r--  1 open5gs1 open5gs1  130 touko   6 14:06 capture_20250430_105535_Flow.csv
-rw-rw-r--  1 open5gs1 open5gs1  130 touko   6 14:06 capture_20250430_110035_Flow.csv
Processing: capture_20250430_110535.pcap
=== CICFlowMeter Wrapper ===
Input file: /home/open5gs1/Documents/open5gs-be/pcap_files/capture_20250430_110535.pcap
Using classpath with 11 JARs
Classpath: .:build/libs/CICFlowMeter-4.0.jar:CICFlowMeter-4.0/lib/commons-io-2.6.jar:CICFlowMeter-4.0/lib/commons-lang-2.6.jar:CICFlowMeter-4.0/lib/commons-lang3-3.9.jar:CICFlowMeter-4.0/lib/commons-math3-3.6.1.jar:CICFlowMeter-4.0/lib/guava-28.2-jre.jar:CICFlowMeter-4.0/lib/jnetpcap-1.4.r1425.jar:CICFlowMeter-4.0/lib/log4j-1.2.17.jar:CICFlowMeter-4.0/lib/slf4j-api-1.7.25.jar:CICFlowMeter-4.0/lib/slf4j-log4j12-1.7.25.jar
Running CICFlowMeter...
Java execution finished with exit code: 130
CICFlowMeter failed to process the file
Created default output file due to error: output_flows/capture_20250430_110535_Flow.csv
Copied capture_20250430_110535_Flow.csv to /home/open5gs1/Documents/open5gs-be/flow_output/
Current files in output_flows directory:
total 24
drwxr-xr-x  2 open5gs1 open5gs1 4096 touko   6 14:06 .
drwxrwxr-x 13 open5gs1 open5gs1 4096 huhti  30 16:19 ..
-rw-rw-r--  1 open5gs1 open5gs1  130 huhti  30 16:19 capture_20250324_115210_Flow.csv
-rw-rw-r--  1 open5gs1 open5gs1  130 touko   6 14:06 capture_20250430_105535_Flow.csv
-rw-rw-r--  1 open5gs1 open5gs1  130 touko   6 14:06 capture_20250430_110035_Flow.csv
-rw-rw-r--  1 open5gs1 open5gs1  130 touko   6 14:06 capture_20250430_110535_Flow.csv
Processing: capture_20250430_111035.pcap
=== CICFlowMeter Wrapper ===
Input file: /home/open5gs1/Documents/open5gs-be/pcap_files/capture_20250430_111035.pcap
Using classpath with 11 JARs
Classpath: .:build/libs/CICFlowMeter-4.0.jar:CICFlowMeter-4.0/lib/commons-io-2.6.jar:CICFlowMeter-4.0/lib/commons-lang-2.6.jar:CICFlowMeter-4.0/lib/commons-lang3-3.9.jar:CICFlowMeter-4.0/lib/commons-math3-3.6.1.jar:CICFlowMeter-4.0/lib/guava-28.2-jre.jar:CICFlowMeter-4.0/lib/jnetpcap-1.4.r1425.jar:CICFlowMeter-4.0/lib/log4j-1.2.17.jar:CICFlowMeter-4.0/lib/slf4j-api-1.7.25.jar:CICFlowMeter-4.0/lib/slf4j-log4j12-1.7.25.jar
Running CICFlowMeter...
Java execution finished with exit code: 130
CICFlowMeter failed to process the file
Created default output file due to error: output_flows/capture_20250430_111035_Flow.csv
Copied capture_20250430_111035_Flow.csv to /home/open5gs1/Documents/open5gs-be/flow_output/
Current files in output_flows directory:
total 28
drwxr-xr-x  2 open5gs1 open5gs1 4096 touko   6 14:06 .
drwxrwxr-x 13 open5gs1 open5gs1 4096 huhti  30 16:19 ..
-rw-rw-r--  1 open5gs1 open5gs1  130 huhti  30 16:19 capture_20250324_115210_Flow.csv
-rw-rw-r--  1 open5gs1 open5gs1  130 touko   6 14:06 capture_20250430_105535_Flow.csv
-rw-rw-r--  1 open5gs1 open5gs1  130 touko   6 14:06 capture_20250430_110035_Flow.csv
-rw-rw-r--  1 open5gs1 open5gs1  130 touko   6 14:06 capture_20250430_110535_Flow.csv
-rw-rw-r--  1 open5gs1 open5gs1  130 touko   6 14:06 capture_20250430_111035_Flow.csv
Processing: capture_20250430_111535.pcap
=== CICFlowMeter Wrapper ===
